<?xml version="1.0" encoding="UTF-8"?>
<!-- Generated by org.testng.reporters.JUnitReportReporter -->
<testsuite hostname="LAPTOP-NKV" failures="0" tests="1" name="Academy.AppTest" time="0.002" errors="0" timestamp="14 Apr 2022 14:41:07 GMT">
  <testcase classname="Academy.AppTest" name="shouldAnswerWithTrue" time="0.002"/>
</testsuite> <!-- Academy.AppTest -->
